[0.012s] Invoking command in '/home/khemin/ros2_ws/build/my_robot_description': /usr/bin/cmake --build /home/khemin/ros2_ws/build/my_robot_description -- -j16 -l16
[0.034s] -- Found ament_cmake: 1.3.10 (/opt/ros/humble/share/ament_cmake/cmake)
[0.132s] -- Override CMake install command with custom implementation using symlinks instead of copying resources
[0.185s] Error parsing '/home/khemin/ros2_ws/src/my_robot_description/package.xml':
[0.217s] Traceback (most recent call last):
[0.217s]   File "/opt/ros/humble/share/ament_cmake_core/cmake/core/package_xml_2_cmake.py", line 150, in <module>
[0.217s]     main()
[0.217s]   File "/opt/ros/humble/share/ament_cmake_core/cmake/core/package_xml_2_cmake.py", line 53, in main
[0.217s]     raise e
[0.217s]   File "/opt/ros/humble/share/ament_cmake_core/cmake/core/package_xml_2_cmake.py", line 49, in main
[0.218s]     package = parse_package_string(
[0.218s]   File "/usr/lib/python3/dist-packages/catkin_pkg/package.py", line 786, in parse_package_string
[0.218s]     raise InvalidPackage('Error(s):%s' % (''.join(['\n- %s' % e for e in errors])), filename)
[0.218s] catkin_pkg.package.InvalidPackage: Error(s) in package '/home/khemin/ros2_ws/src/my_robot_description/package.xml':
[0.218s] Error(s):
[0.218s] - The manifest of package "my_robot_description" (with format version 3) must not contain the following tags: install
[0.228s] [31mCMake Error at /opt/ros/humble/share/ament_cmake_core/cmake/core/ament_package_xml.cmake:95 (message):
[0.228s]   execute_process(/usr/bin/python3
[0.229s]   /opt/ros/humble/share/ament_cmake_core/cmake/core/package_xml_2_cmake.py
[0.229s]   /home/khemin/ros2_ws/src/my_robot_description/package.xml
[0.229s]   /home/khemin/ros2_ws/build/my_robot_description/ament_cmake_core/package.cmake)
[0.229s]   returned error code 1
[0.229s] Call Stack (most recent call first):
[0.229s]   /opt/ros/humble/share/ament_cmake_core/cmake/core/ament_package_xml.cmake:49 (_ament_package_xml)
[0.229s]   /opt/ros/humble/share/ament_cmake_core/cmake/core/ament_package.cmake:63 (ament_package_xml)
[0.229s]   CMakeLists.txt:15 (ament_package)
[0.229s] 
[0.229s] [0m
[0.229s] -- Configuring incomplete, errors occurred!
[0.229s] See also "/home/khemin/ros2_ws/build/my_robot_description/CMakeFiles/CMakeOutput.log".
[0.231s] gmake: *** [Makefile:226: cmake_check_build_system] Error 1
[0.233s] Invoked command in '/home/khemin/ros2_ws/build/my_robot_description' returned '2': /usr/bin/cmake --build /home/khemin/ros2_ws/build/my_robot_description -- -j16 -l16
